<?xml version="1.0" encoding="UTF-8"?>
<testsuite xmlns:xsi="http://www.w3.org/2001/XMLSchema-instance" xsi:noNamespaceSchemaLocation="https://maven.apache.org/surefire/maven-surefire-plugin/xsd/surefire-test-report.xsd" name="KenoGameTest" time="0.05" tests="25" errors="0" skipped="0" failures="0">
  <properties>
    <property name="java.specification.version" value="21"/>
    <property name="sun.cpu.isalist" value="amd64"/>
    <property name="sun.jnu.encoding" value="Cp1252"/>
    <property name="java.class.path" value="D:\xuale\Documents\GitHub\proj2\JavaFX\Template\target\test-classes;D:\xuale\Documents\GitHub\proj2\JavaFX\Template\target\classes;C:\Users\xuale\.m2\repository\org\junit\jupiter\junit-jupiter\5.9.1\junit-jupiter-5.9.1.jar;C:\Users\xuale\.m2\repository\org\junit\jupiter\junit-jupiter-api\5.9.1\junit-jupiter-api-5.9.1.jar;C:\Users\xuale\.m2\repository\org\opentest4j\opentest4j\1.2.0\opentest4j-1.2.0.jar;C:\Users\xuale\.m2\repository\org\junit\platform\junit-platform-commons\1.9.1\junit-platform-commons-1.9.1.jar;C:\Users\xuale\.m2\repository\org\apiguardian\apiguardian-api\1.1.2\apiguardian-api-1.1.2.jar;C:\Users\xuale\.m2\repository\org\junit\jupiter\junit-jupiter-params\5.9.1\junit-jupiter-params-5.9.1.jar;C:\Users\xuale\.m2\repository\org\junit\jupiter\junit-jupiter-engine\5.9.1\junit-jupiter-engine-5.9.1.jar;C:\Users\xuale\.m2\repository\org\junit\platform\junit-platform-engine\1.9.1\junit-platform-engine-1.9.1.jar;C:\Users\xuale\.m2\repository\org\openjfx\javafx-controls\19.0.2.1\javafx-controls-19.0.2.1.jar;C:\Users\xuale\.m2\repository\org\openjfx\javafx-controls\19.0.2.1\javafx-controls-19.0.2.1-win.jar;C:\Users\xuale\.m2\repository\org\openjfx\javafx-graphics\19.0.2.1\javafx-graphics-19.0.2.1.jar;C:\Users\xuale\.m2\repository\org\openjfx\javafx-graphics\19.0.2.1\javafx-graphics-19.0.2.1-win.jar;C:\Users\xuale\.m2\repository\org\openjfx\javafx-base\19.0.2.1\javafx-base-19.0.2.1.jar;C:\Users\xuale\.m2\repository\org\openjfx\javafx-base\19.0.2.1\javafx-base-19.0.2.1-win.jar;C:\Users\xuale\.m2\repository\org\openjfx\javafx-fxml\19.0.2.1\javafx-fxml-19.0.2.1.jar;C:\Users\xuale\.m2\repository\org\openjfx\javafx-fxml\19.0.2.1\javafx-fxml-19.0.2.1-win.jar;"/>
    <property name="java.vm.vendor" value="Oracle Corporation"/>
    <property name="sun.arch.data.model" value="64"/>
    <property name="user.variant" value=""/>
    <property name="java.vendor.url" value="https://java.oracle.com/"/>
    <property name="user.timezone" value="America/Chicago"/>
    <property name="os.name" value="Windows 10"/>
    <property name="java.vm.specification.version" value="21"/>
    <property name="sun.java.launcher" value="SUN_STANDARD"/>
    <property name="user.country" value="US"/>
    <property name="sun.boot.library.path" value="D:\Java\jdk21\bin"/>
    <property name="sun.java.command" value="C:\Users\xuale\AppData\Local\Temp\surefire11185380095902045559\surefirebooter12243189916143250253.jar C:\Users\xuale\AppData\Local\Temp\surefire11185380095902045559 2025-10-26T23-24-35_143-jvmRun1 surefire3567493419813135790tmp surefire_05419087631029955506tmp"/>
    <property name="jdk.debug" value="release"/>
    <property name="surefire.test.class.path" value="D:\xuale\Documents\GitHub\proj2\JavaFX\Template\target\test-classes;D:\xuale\Documents\GitHub\proj2\JavaFX\Template\target\classes;C:\Users\xuale\.m2\repository\org\junit\jupiter\junit-jupiter\5.9.1\junit-jupiter-5.9.1.jar;C:\Users\xuale\.m2\repository\org\junit\jupiter\junit-jupiter-api\5.9.1\junit-jupiter-api-5.9.1.jar;C:\Users\xuale\.m2\repository\org\opentest4j\opentest4j\1.2.0\opentest4j-1.2.0.jar;C:\Users\xuale\.m2\repository\org\junit\platform\junit-platform-commons\1.9.1\junit-platform-commons-1.9.1.jar;C:\Users\xuale\.m2\repository\org\apiguardian\apiguardian-api\1.1.2\apiguardian-api-1.1.2.jar;C:\Users\xuale\.m2\repository\org\junit\jupiter\junit-jupiter-params\5.9.1\junit-jupiter-params-5.9.1.jar;C:\Users\xuale\.m2\repository\org\junit\jupiter\junit-jupiter-engine\5.9.1\junit-jupiter-engine-5.9.1.jar;C:\Users\xuale\.m2\repository\org\junit\platform\junit-platform-engine\1.9.1\junit-platform-engine-1.9.1.jar;C:\Users\xuale\.m2\repository\org\openjfx\javafx-controls\19.0.2.1\javafx-controls-19.0.2.1.jar;C:\Users\xuale\.m2\repository\org\openjfx\javafx-controls\19.0.2.1\javafx-controls-19.0.2.1-win.jar;C:\Users\xuale\.m2\repository\org\openjfx\javafx-graphics\19.0.2.1\javafx-graphics-19.0.2.1.jar;C:\Users\xuale\.m2\repository\org\openjfx\javafx-graphics\19.0.2.1\javafx-graphics-19.0.2.1-win.jar;C:\Users\xuale\.m2\repository\org\openjfx\javafx-base\19.0.2.1\javafx-base-19.0.2.1.jar;C:\Users\xuale\.m2\repository\org\openjfx\javafx-base\19.0.2.1\javafx-base-19.0.2.1-win.jar;C:\Users\xuale\.m2\repository\org\openjfx\javafx-fxml\19.0.2.1\javafx-fxml-19.0.2.1.jar;C:\Users\xuale\.m2\repository\org\openjfx\javafx-fxml\19.0.2.1\javafx-fxml-19.0.2.1-win.jar;"/>
    <property name="sun.cpu.endian" value="little"/>
    <property name="user.home" value="C:\Users\xuale"/>
    <property name="user.language" value="en"/>
    <property name="java.specification.vendor" value="Oracle Corporation"/>
    <property name="java.version.date" value="2025-07-15"/>
    <property name="java.home" value="D:\Java\jdk21"/>
    <property name="file.separator" value="\"/>
    <property name="basedir" value="D:\xuale\Documents\GitHub\proj2\JavaFX\Template"/>
    <property name="java.vm.compressedOopsMode" value="Zero based"/>
    <property name="line.separator" value="&#10;"/>
    <property name="java.vm.specification.vendor" value="Oracle Corporation"/>
    <property name="java.specification.name" value="Java Platform API Specification"/>
    <property name="surefire.real.class.path" value="C:\Users\xuale\AppData\Local\Temp\surefire11185380095902045559\surefirebooter12243189916143250253.jar"/>
    <property name="user.script" value=""/>
    <property name="sun.management.compiler" value="HotSpot 64-Bit Tiered Compilers"/>
    <property name="java.runtime.version" value="21.0.8+12-LTS-250"/>
    <property name="user.name" value="xuale"/>
    <property name="stdout.encoding" value="Cp1252"/>
    <property name="path.separator" value=";"/>
    <property name="os.version" value="10.0"/>
    <property name="java.runtime.name" value="Java(TM) SE Runtime Environment"/>
    <property name="file.encoding" value="UTF-8"/>
    <property name="java.vm.name" value="Java HotSpot(TM) 64-Bit Server VM"/>
    <property name="localRepository" value="C:\Users\xuale\.m2\repository"/>
    <property name="java.vendor.url.bug" value="https://bugreport.java.com/bugreport/"/>
    <property name="java.io.tmpdir" value="C:\Users\xuale\AppData\Local\Temp\"/>
    <property name="java.version" value="21.0.8"/>
    <property name="user.dir" value="D:\xuale\Documents\GitHub\proj2\JavaFX\Template"/>
    <property name="os.arch" value="amd64"/>
    <property name="java.vm.specification.name" value="Java Virtual Machine Specification"/>
    <property name="sun.os.patch.level" value=""/>
    <property name="native.encoding" value="Cp1252"/>
    <property name="java.library.path" value="D:\Java\jdk21\bin;C:\Windows\Sun\Java\bin;C:\Windows\system32;C:\Windows;C:\Program Files\Common Files\Oracle\Java\javapath;C:\Program Files (x86)\Common Files\Oracle\Java\java8path;C:\Program Files (x86)\Common Files\Oracle\Java\javapath;C:\Windows\system32;C:\Windows;C:\Windows\System32\Wbem;C:\Windows\System32\WindowsPowerShell\v1.0\;C:\Windows\System32\OpenSSH\;C:\Program Files\dotnet\;C:\Program Files (x86)\NVIDIA Corporation\PhysX\Common;C:\Program Files\Intel\WiFi\bin\;C:\Program Files\Common Files\Intel\WirelessCommon\;D:\Git\cmd;D:\nodejs\;D:\Maven\apache-maven-3.9.11-bin\apache-maven-3.9.11\bin;C:\Users\xuale\AppData\Local\Programs\Python\Python39\Scripts\;C:\Users\xuale\AppData\Local\Programs\Python\Python39\;C:\Users\xuale\.pyenv\pyenv-win\bin;C:\Users\xuale\.pyenv\pyenv-win\shims;C:\Users\xuale\AppData\Local\Microsoft\WindowsApps;C:\Program Files\Intel\WiFi\bin\;C:\Program Files\Common Files\Intel\WirelessCommon\;D:\msys64\ucrt64\bin;D:\Microsoft VS Code\bin;C:\Users\xuale\AppData\Local\GitHubDesktop\bin;C:\Users\xuale\AppData\Local\Microsoft\WinGet\Packages\Schniz.fnm_Microsoft.Winget.Source_8wekyb3d8bbwe;C:\Users\xuale\AppData\Roaming\npm;D:\Maven\apache-maven-3.9.11-bin\apache-maven-3.9.11\bin;C:\Users\xuale\.dotnet\tools;c:\Users\xuale\AppData\Roaming\Code\User\globalStorage\github.copilot-chat\debugCommand;."/>
    <property name="java.vm.info" value="mixed mode, sharing"/>
    <property name="stderr.encoding" value="Cp1252"/>
    <property name="java.vendor" value="Oracle Corporation"/>
    <property name="java.vm.version" value="21.0.8+12-LTS-250"/>
    <property name="sun.io.unicode.encoding" value="UnicodeLittle"/>
    <property name="java.class.version" value="65.0"/>
  </properties>
  <testcase name="testAutoPick" classname="KenoGameTest" time="0.019"/>
  <testcase name="testIsComplete" classname="KenoGameTest" time="0.001"/>
  <testcase name="testCalculateWinningsWithoutBet" classname="KenoGameTest" time="0.002"/>
  <testcase name="testSetAndGetBet" classname="KenoGameTest" time="0"/>
  <testcase name="testCalculateWinnings10Spots" classname="KenoGameTest" time="0"/>
  <testcase name="testGenerateDrawing" classname="KenoGameTest" time="0.001"/>
  <testcase name="testResetGame" classname="KenoGameTest" time="0.001"/>
  <testcase name="testAddingMoreThanNumSpotsFails" classname="KenoGameTest" time="0.001"/>
  <testcase name="testCalculateWinnings1Spot" classname="KenoGameTest" time="0.001"/>
  <testcase name="testTotalWinningsAfterMultipleBets" classname="KenoGameTest" time="0"/>
  <testcase name="testMatchesAllPlayerNumbers" classname="KenoGameTest" time="0.001"/>
  <testcase name="testRemoveNumber" classname="KenoGameTest" time="0"/>
  <testcase name="testResetBet" classname="KenoGameTest" time="0"/>
  <testcase name="testAddNumber" classname="KenoGameTest" time="0.001"/>
  <testcase name="testTotalWinningsAccumulation" classname="KenoGameTest" time="0.001"/>
  <testcase name="testAddRemoveMultipleNumbers" classname="KenoGameTest" time="0.001"/>
  <testcase name="testMatchesEmptyDraw" classname="KenoGameTest" time="0"/>
  <testcase name="testMatchesNoPlayerNumbers" classname="KenoGameTest" time="0"/>
  <testcase name="testGetMatches" classname="KenoGameTest" time="0.001"/>
  <testcase name="testResetBetAfterAutoPick" classname="KenoGameTest" time="0"/>
  <testcase name="testGenerateDrawingIsRandom" classname="KenoGameTest" time="0.001"/>
  <testcase name="testNoDuplicatesInAutoPick" classname="KenoGameTest" time="0"/>
  <testcase name="testCalculateWinnings4Spots" classname="KenoGameTest" time="0"/>
  <testcase name="testCalculateWinnings8Spots" classname="KenoGameTest" time="0"/>
  <testcase name="testSetBetNull" classname="KenoGameTest" time="0.001"/>
</testsuite>